{"timestamp":"2025-09-30T21:00:36.980066","level":"info","event":"DAG bundles loaded: dags-folder","logger":"airflow.dag_processing.bundles.manager.DagBundlesManager"}
{"timestamp":"2025-09-30T21:00:36.980714","level":"info","event":"Filling up the DagBag from /opt/airflow/dags/ETL_Training.py","logger":"airflow.models.dagbag.DagBag"}
{"timestamp":"2025-09-30T21:00:39.529452","level":"warning","event":"/home/airflow/.local/lib/python3.12/site-packages/airflow/models/connection.py:471: DeprecationWarning: Using Connection.get_connection_from_secrets from `airflow.models` is deprecated.Please use `get` on Connection from sdk(`airflow.sdk.Connection`) instead\n  warnings.warn(\n","logger":"py.warnings"}
{"timestamp":"2025-09-30T21:00:39.661940","level":"warning","event":"empty cryptography key - values will not be stored encrypted.","logger":"airflow.models.crypto"}
{"timestamp":"2025-09-30T21:00:39.664316","level":"info","event":"Connection Retrieved 'mysql_trn'","logger":"airflow.hooks.base"}
{"timestamp":"2025-09-30T21:00:39.664523","level":"warning","event":"This setter is for backward compatibility and should not be used.\nSince the introduction of connection property, the providers listed below breaks due to assigning value to self.connection in their __init__ method.\n* apache-airflow-providers-mysql<5.7.1\n* apache-airflow-providers-elasticsearch<5.5.1\n* apache-airflow-providers-postgres<5.13.0","logger":"airflow.task.hooks.airflow.providers.mysql.hooks.mysql.MySqlHook"}
{"timestamp":"2025-09-30T21:00:39.687079","level":"warning","event":"/opt/airflow/dags/ETL_Training.py:139: UserWarning: pandas only supports SQLAlchemy connectable (engine/connection) or database string URI or sqlite3 DBAPI2 connection. Other DBAPI2 objects are not tested. Please consider using SQLAlchemy.\n  df = pd.read_sql(\"\"\"\n","logger":"py.warnings"}
{"timestamp":"2025-09-30T21:00:39.693440Z","level":"info","event":"[PREPROCESS] Raw data loaded: 912 rows","chan":"stdout","logger":"task"}
{"timestamp":"2025-09-30T21:00:39.704612Z","level":"info","event":"[PREPROCESS] Removed 37 outliers from horizontal_distance_to_roadways","chan":"stdout","logger":"task"}
{"timestamp":"2025-09-30T21:00:39.706369Z","level":"info","event":"[PREPROCESS] Removed 3 outliers from horizontal_distance_to_fire_points","chan":"stdout","logger":"task"}
{"timestamp":"2025-09-30T21:00:39.708101Z","level":"info","event":"[PREPROCESS] Outlier removal: 912 -> 872 rows (40 removed)","chan":"stdout","logger":"task"}
{"timestamp":"2025-09-30T21:00:39.715095Z","level":"info","event":"[PREPROCESS] Final data quality summary:","chan":"stdout","logger":"task"}
{"timestamp":"2025-09-30T21:00:39.715600Z","level":"info","event":"  - Total rows: 872","chan":"stdout","logger":"task"}
{"timestamp":"2025-09-30T21:00:39.716001Z","level":"info","event":"  - Missing values: 0","chan":"stdout","logger":"task"}
{"timestamp":"2025-09-30T21:00:39.717818Z","level":"info","event":"  - Duplicate rows: 124","chan":"stdout","logger":"task"}
{"timestamp":"2025-09-30T21:00:39.722156Z","level":"info","event":"[PREPROCESS] Removed 0 duplicate rows","chan":"stdout","logger":"task"}
{"timestamp":"2025-09-30T21:00:40.181626","level":"info","event":"Done loading. Loaded a total of 748 rows into covertype_clean","logger":"airflow.task.hooks.airflow.providers.mysql.hooks.mysql.MySqlHook"}
{"timestamp":"2025-09-30T21:00:40.182714Z","level":"info","event":"[PREPROCESS] Clean rows inserted: 748","chan":"stdout","logger":"task"}
{"timestamp":"2025-09-30T21:00:40.183043","level":"info","event":"Done. Returned value was: Data cleaning completed. 748 clean records processed.","logger":"airflow.task.operators.airflow.providers.standard.operators.python.PythonOperator"}
{"timestamp":"2025-09-30T21:00:40.183438","level":"info","event":"Pushing xcom","ti":"RuntimeTaskInstance(id=UUID('01999c6d-20c3-713d-904d-16bee28479d6'), task_id='clean_covertype_data', dag_id='covertype_mysql_mlflow_train_models', run_id='scheduled__2025-09-30T20:55:00+00:00', try_number=1, map_index=-1, hostname='80bb4df3aa61', context_carrier={}, task=<Task(PythonOperator): clean_covertype_data>, bundle_instance=LocalDagBundle(name=dags-folder), max_tries=0, start_date=datetime.datetime(2025, 9, 30, 21, 0, 36, 796960, tzinfo=datetime.timezone.utc), end_date=None, state=<TaskInstanceState.RUNNING: 'running'>, is_mapped=False, rendered_map_index=None, log_url='http://localhost:8080/dags/covertype_mysql_mlflow_train_models/runs/scheduled__2025-09-30T20%3A55%3A00%2B00%3A00/tasks/clean_covertype_data?try_number=1')","logger":"task"}
