{"timestamp":"2025-09-30T04:10:49.144667","level":"info","event":"DAG bundles loaded: dags-folder, example_dags","logger":"airflow.dag_processing.bundles.manager.DagBundlesManager"}
{"timestamp":"2025-09-30T04:10:49.146172","level":"info","event":"Filling up the DagBag from /opt/airflow/dags/ETL.py","logger":"airflow.models.dagbag.DagBag"}
{"timestamp":"2025-09-30T04:10:51.831849","level":"warning","event":"/home/airflow/.local/lib/python3.12/site-packages/palmerpenguins/penguins.py:2: UserWarning: pkg_resources is deprecated as an API. See https://setuptools.pypa.io/en/latest/pkg_resources.html. The pkg_resources package is slated for removal as early as 2025-11-30. Refrain from using this package or pin to Setuptools<81.\n  import pkg_resources\n","logger":"py.warnings"}
{"timestamp":"2025-09-30T04:10:51.865813Z","level":"info","event":"Task instance is in running state","chan":"stdout","logger":"task"}
{"timestamp":"2025-09-30T04:10:51.866399Z","level":"info","event":" Previous state of the Task instance: TaskInstanceState.QUEUED","chan":"stdout","logger":"task"}
{"timestamp":"2025-09-30T04:10:51.868176Z","level":"info","event":"Current task name:clean_covertype_data","chan":"stdout","logger":"task"}
{"timestamp":"2025-09-30T04:10:51.868792Z","level":"info","event":"Dag name:covertype_mysql_mlflow_train_models","chan":"stdout","logger":"task"}
{"timestamp":"2025-09-30T04:10:51.873985","level":"warning","event":"/home/airflow/.local/lib/python3.12/site-packages/airflow/models/connection.py:471: DeprecationWarning: Using Connection.get_connection_from_secrets from `airflow.models` is deprecated.Please use `get` on Connection from sdk(`airflow.sdk.Connection`) instead\n  warnings.warn(\n","logger":"py.warnings"}
{"timestamp":"2025-09-30T04:10:52.182302","level":"warning","event":"empty cryptography key - values will not be stored encrypted.","logger":"airflow.models.crypto"}
{"timestamp":"2025-09-30T04:10:52.186444","level":"info","event":"Connection Retrieved 'mysql_trn'","logger":"airflow.hooks.base"}
{"timestamp":"2025-09-30T04:10:52.188325","level":"warning","event":"This setter is for backward compatibility and should not be used.\nSince the introduction of connection property, the providers listed below breaks due to assigning value to self.connection in their __init__ method.\n* apache-airflow-providers-mysql<5.7.1\n* apache-airflow-providers-elasticsearch<5.5.1\n* apache-airflow-providers-postgres<5.13.0","logger":"airflow.task.hooks.airflow.providers.mysql.hooks.mysql.MySqlHook"}
{"timestamp":"2025-09-30T04:10:52.247299","level":"warning","event":"/opt/airflow/dags/ETL.py:110: UserWarning: pandas only supports SQLAlchemy connectable (engine/connection) or database string URI or sqlite3 DBAPI2 connection. Other DBAPI2 objects are not tested. Please consider using SQLAlchemy.\n  df = pd.read_sql(\"\"\"\n","logger":"py.warnings"}
{"timestamp":"2025-09-30T04:10:52.271958Z","level":"info","event":"[PREPROCESS] Raw data loaded: 228 rows","chan":"stdout","logger":"task"}
{"timestamp":"2025-09-30T04:10:52.289805Z","level":"info","event":"[PREPROCESS] Outlier removal: 228 -> 228 rows (0 removed)","chan":"stdout","logger":"task"}
{"timestamp":"2025-09-30T04:10:52.310805Z","level":"info","event":"[PREPROCESS] Final data quality summary:","chan":"stdout","logger":"task"}
{"timestamp":"2025-09-30T04:10:52.315078Z","level":"info","event":"  - Total rows: 228","chan":"stdout","logger":"task"}
{"timestamp":"2025-09-30T04:10:52.316227Z","level":"info","event":"  - Missing values: 0","chan":"stdout","logger":"task"}
{"timestamp":"2025-09-30T04:10:52.328520Z","level":"info","event":"  - Duplicate rows: 0","chan":"stdout","logger":"task"}
{"timestamp":"2025-09-30T04:10:52.639300","level":"info","event":"Done loading. Loaded a total of 228 rows into covertype_clean","logger":"airflow.task.hooks.airflow.providers.mysql.hooks.mysql.MySqlHook"}
{"timestamp":"2025-09-30T04:10:52.641674Z","level":"info","event":"[PREPROCESS] Clean rows inserted: 228","chan":"stdout","logger":"task"}
{"timestamp":"2025-09-30T04:10:52.642379","level":"info","event":"Done. Returned value was: Data cleaning completed. 228 clean records processed.","logger":"airflow.task.operators.airflow.providers.standard.operators.python.PythonOperator"}
{"timestamp":"2025-09-30T04:10:52.642928","level":"info","event":"Pushing xcom","ti":"RuntimeTaskInstance(id=UUID('019998cf-d046-75c2-844a-2f1eb258f92d'), task_id='clean_covertype_data', dag_id='covertype_mysql_mlflow_train_models', run_id='manual__2025-09-30T04:09:40.075420+00:00', try_number=1, map_index=-1, hostname='88f2158baf45', context_carrier={}, task=<Task(PythonOperator): clean_covertype_data>, bundle_instance=LocalDagBundle(name=dags-folder), max_tries=0, start_date=datetime.datetime(2025, 9, 30, 4, 10, 47, 642975, tzinfo=datetime.timezone.utc), end_date=None, state=<TaskInstanceState.RUNNING: 'running'>, is_mapped=False, rendered_map_index=None, log_url='http://localhost:8080/dags/covertype_mysql_mlflow_train_models/runs/manual__2025-09-30T04%3A09%3A40.075420%2B00%3A00/tasks/clean_covertype_data?try_number=1')","logger":"task"}
{"timestamp":"2025-09-30T04:10:52.712287Z","level":"info","event":"Task instance in success state","chan":"stdout","logger":"task"}
{"timestamp":"2025-09-30T04:10:52.713252Z","level":"info","event":" Previous state of the Task instance: TaskInstanceState.RUNNING","chan":"stdout","logger":"task"}
{"timestamp":"2025-09-30T04:10:52.716267Z","level":"info","event":"Task operator:<Task(PythonOperator): clean_covertype_data>","chan":"stdout","logger":"task"}
