{"timestamp":"2025-09-30T20:15:17.726498","level":"info","event":"DAG bundles loaded: dags-folder","logger":"airflow.dag_processing.bundles.manager.DagBundlesManager"}
{"timestamp":"2025-09-30T20:15:17.727459","level":"info","event":"Filling up the DagBag from /opt/airflow/dags/ETL_Training.py","logger":"airflow.models.dagbag.DagBag"}
{"timestamp":"2025-09-30T20:15:20.054780","level":"warning","event":"/home/airflow/.local/lib/python3.12/site-packages/airflow/models/connection.py:471: DeprecationWarning: Using Connection.get_connection_from_secrets from `airflow.models` is deprecated.Please use `get` on Connection from sdk(`airflow.sdk.Connection`) instead\n  warnings.warn(\n","logger":"py.warnings"}
{"timestamp":"2025-09-30T20:15:20.200598","level":"warning","event":"empty cryptography key - values will not be stored encrypted.","logger":"airflow.models.crypto"}
{"timestamp":"2025-09-30T20:15:20.203297","level":"info","event":"Connection Retrieved 'mysql_trn'","logger":"airflow.hooks.base"}
{"timestamp":"2025-09-30T20:15:20.203506","level":"warning","event":"This setter is for backward compatibility and should not be used.\nSince the introduction of connection property, the providers listed below breaks due to assigning value to self.connection in their __init__ method.\n* apache-airflow-providers-mysql<5.7.1\n* apache-airflow-providers-elasticsearch<5.5.1\n* apache-airflow-providers-postgres<5.13.0","logger":"airflow.task.hooks.airflow.providers.mysql.hooks.mysql.MySqlHook"}
{"timestamp":"2025-09-30T20:15:20.235119","level":"warning","event":"/opt/airflow/dags/ETL_Training.py:145: UserWarning: pandas only supports SQLAlchemy connectable (engine/connection) or database string URI or sqlite3 DBAPI2 connection. Other DBAPI2 objects are not tested. Please consider using SQLAlchemy.\n  df = pd.read_sql(\"\"\"\n","logger":"py.warnings"}
{"timestamp":"2025-09-30T20:15:20.243538Z","level":"info","event":"[PREPROCESS] Raw data loaded: 456 rows","chan":"stdout","logger":"task"}
{"timestamp":"2025-09-30T20:15:20.252369Z","level":"info","event":"[PREPROCESS] Removed 13 outliers from horizontal_distance_to_roadways","chan":"stdout","logger":"task"}
{"timestamp":"2025-09-30T20:15:20.254153Z","level":"info","event":"[PREPROCESS] Removed 1 outliers from horizontal_distance_to_fire_points","chan":"stdout","logger":"task"}
{"timestamp":"2025-09-30T20:15:20.254765Z","level":"info","event":"[PREPROCESS] Outlier removal: 456 -> 442 rows (14 removed)","chan":"stdout","logger":"task"}
{"timestamp":"2025-09-30T20:15:20.261698Z","level":"info","event":"[PREPROCESS] Final data quality summary:","chan":"stdout","logger":"task"}
{"timestamp":"2025-09-30T20:15:20.262264Z","level":"info","event":"  - Total rows: 442","chan":"stdout","logger":"task"}
{"timestamp":"2025-09-30T20:15:20.262932Z","level":"info","event":"  - Missing values: 0","chan":"stdout","logger":"task"}
{"timestamp":"2025-09-30T20:15:20.265993Z","level":"info","event":"  - Duplicate rows: 19","chan":"stdout","logger":"task"}
{"timestamp":"2025-09-30T20:15:20.270520Z","level":"info","event":"[PREPROCESS] Removed 0 duplicate rows","chan":"stdout","logger":"task"}
{"timestamp":"2025-09-30T20:15:20.608615","level":"info","event":"Done loading. Loaded a total of 423 rows into covertype_clean","logger":"airflow.task.hooks.airflow.providers.mysql.hooks.mysql.MySqlHook"}
{"timestamp":"2025-09-30T20:15:20.609545Z","level":"info","event":"[PREPROCESS] Clean rows inserted: 423","chan":"stdout","logger":"task"}
{"timestamp":"2025-09-30T20:15:20.609520","level":"info","event":"Done. Returned value was: Data cleaning completed. 423 clean records processed.","logger":"airflow.task.operators.airflow.providers.standard.operators.python.PythonOperator"}
{"timestamp":"2025-09-30T20:15:20.609800","level":"info","event":"Pushing xcom","ti":"RuntimeTaskInstance(id=UUID('01999c43-9b65-7704-8b0a-748e1832718d'), task_id='clean_covertype_data', dag_id='covertype_mysql_mlflow_train_models', run_id='scheduled__2025-09-30T20:10:00+00:00', try_number=1, map_index=-1, hostname='5b92881ec6ca', context_carrier={}, task=<Task(PythonOperator): clean_covertype_data>, bundle_instance=LocalDagBundle(name=dags-folder), max_tries=0, start_date=datetime.datetime(2025, 9, 30, 20, 15, 17, 485522, tzinfo=datetime.timezone.utc), end_date=None, state=<TaskInstanceState.RUNNING: 'running'>, is_mapped=False, rendered_map_index=None, log_url='http://localhost:8080/dags/covertype_mysql_mlflow_train_models/runs/scheduled__2025-09-30T20%3A10%3A00%2B00%3A00/tasks/clean_covertype_data?try_number=1')","logger":"task"}
