[2025-09-07T11:31:30.225+0000] {processor.py:156} INFO - Started process (PID=52) to work on /opt/airflow/dags/penguins_pre_train.py
[2025-09-07T11:31:30.226+0000] {processor.py:799} INFO - Processing file /opt/airflow/dags/penguins_pre_train.py for tasks to queue
[2025-09-07T11:31:30.227+0000] {logging_mixin.py:149} INFO - [2025-09-07T11:31:30.227+0000] {dagbag.py:541} INFO - Filling up the DagBag from /opt/airflow/dags/penguins_pre_train.py
[2025-09-07T11:31:30.255+0000] {processor.py:809} INFO - DAG(s) dict_keys(['penguins_mysql_etl']) retrieved from /opt/airflow/dags/penguins_pre_train.py
[2025-09-07T11:31:30.431+0000] {logging_mixin.py:149} INFO - [2025-09-07T11:31:30.431+0000] {dag.py:2726} INFO - Sync 1 DAGs
[2025-09-07T11:31:30.458+0000] {logging_mixin.py:149} INFO - [2025-09-07T11:31:30.458+0000] {dag.py:3490} INFO - Setting next_dagrun for penguins_mysql_etl to None, run_after=None
[2025-09-07T11:31:30.481+0000] {processor.py:178} INFO - Processing /opt/airflow/dags/penguins_pre_train.py took 0.260 seconds
[2025-09-07T11:32:00.635+0000] {processor.py:156} INFO - Started process (PID=61) to work on /opt/airflow/dags/penguins_pre_train.py
[2025-09-07T11:32:00.637+0000] {processor.py:799} INFO - Processing file /opt/airflow/dags/penguins_pre_train.py for tasks to queue
[2025-09-07T11:32:00.638+0000] {logging_mixin.py:149} INFO - [2025-09-07T11:32:00.637+0000] {dagbag.py:541} INFO - Filling up the DagBag from /opt/airflow/dags/penguins_pre_train.py
[2025-09-07T11:32:00.653+0000] {processor.py:809} INFO - DAG(s) dict_keys(['penguins_mysql_etl']) retrieved from /opt/airflow/dags/penguins_pre_train.py
[2025-09-07T11:32:00.692+0000] {logging_mixin.py:149} INFO - [2025-09-07T11:32:00.692+0000] {dag.py:2726} INFO - Sync 1 DAGs
[2025-09-07T11:32:00.728+0000] {logging_mixin.py:149} INFO - [2025-09-07T11:32:00.727+0000] {dag.py:3490} INFO - Setting next_dagrun for penguins_mysql_etl to None, run_after=None
[2025-09-07T11:32:00.760+0000] {processor.py:178} INFO - Processing /opt/airflow/dags/penguins_pre_train.py took 0.132 seconds
[2025-09-07T11:34:25.811+0000] {processor.py:156} INFO - Started process (PID=51) to work on /opt/airflow/dags/penguins_pre_train.py
[2025-09-07T11:34:25.814+0000] {processor.py:799} INFO - Processing file /opt/airflow/dags/penguins_pre_train.py for tasks to queue
[2025-09-07T11:34:25.815+0000] {logging_mixin.py:149} INFO - [2025-09-07T11:34:25.815+0000] {dagbag.py:541} INFO - Filling up the DagBag from /opt/airflow/dags/penguins_pre_train.py
[2025-09-07T11:34:25.865+0000] {processor.py:809} INFO - DAG(s) dict_keys(['penguins_mysql_etl']) retrieved from /opt/airflow/dags/penguins_pre_train.py
[2025-09-07T11:34:26.025+0000] {logging_mixin.py:149} INFO - [2025-09-07T11:34:26.025+0000] {dag.py:2726} INFO - Sync 1 DAGs
[2025-09-07T11:34:26.053+0000] {logging_mixin.py:149} INFO - [2025-09-07T11:34:26.053+0000] {dag.py:3490} INFO - Setting next_dagrun for penguins_mysql_etl to None, run_after=None
[2025-09-07T11:34:26.079+0000] {processor.py:178} INFO - Processing /opt/airflow/dags/penguins_pre_train.py took 0.283 seconds
[2025-09-07T11:34:56.257+0000] {processor.py:156} INFO - Started process (PID=58) to work on /opt/airflow/dags/penguins_pre_train.py
[2025-09-07T11:34:56.259+0000] {processor.py:799} INFO - Processing file /opt/airflow/dags/penguins_pre_train.py for tasks to queue
[2025-09-07T11:34:56.260+0000] {logging_mixin.py:149} INFO - [2025-09-07T11:34:56.260+0000] {dagbag.py:541} INFO - Filling up the DagBag from /opt/airflow/dags/penguins_pre_train.py
[2025-09-07T11:34:56.275+0000] {processor.py:809} INFO - DAG(s) dict_keys(['penguins_mysql_etl']) retrieved from /opt/airflow/dags/penguins_pre_train.py
[2025-09-07T11:34:56.317+0000] {logging_mixin.py:149} INFO - [2025-09-07T11:34:56.316+0000] {dag.py:2726} INFO - Sync 1 DAGs
[2025-09-07T11:34:56.346+0000] {logging_mixin.py:149} INFO - [2025-09-07T11:34:56.345+0000] {dag.py:3490} INFO - Setting next_dagrun for penguins_mysql_etl to None, run_after=None
[2025-09-07T11:34:56.366+0000] {processor.py:178} INFO - Processing /opt/airflow/dags/penguins_pre_train.py took 0.113 seconds
[2025-09-07T11:35:26.413+0000] {processor.py:156} INFO - Started process (PID=66) to work on /opt/airflow/dags/penguins_pre_train.py
[2025-09-07T11:35:26.414+0000] {processor.py:799} INFO - Processing file /opt/airflow/dags/penguins_pre_train.py for tasks to queue
[2025-09-07T11:35:26.415+0000] {logging_mixin.py:149} INFO - [2025-09-07T11:35:26.414+0000] {dagbag.py:541} INFO - Filling up the DagBag from /opt/airflow/dags/penguins_pre_train.py
[2025-09-07T11:35:26.427+0000] {processor.py:809} INFO - DAG(s) dict_keys(['penguins_mysql_etl']) retrieved from /opt/airflow/dags/penguins_pre_train.py
[2025-09-07T11:35:26.468+0000] {logging_mixin.py:149} INFO - [2025-09-07T11:35:26.468+0000] {dag.py:2726} INFO - Sync 1 DAGs
[2025-09-07T11:35:26.502+0000] {logging_mixin.py:149} INFO - [2025-09-07T11:35:26.502+0000] {dag.py:3490} INFO - Setting next_dagrun for penguins_mysql_etl to None, run_after=None
[2025-09-07T11:35:26.531+0000] {processor.py:178} INFO - Processing /opt/airflow/dags/penguins_pre_train.py took 0.124 seconds
[2025-09-07T11:35:56.683+0000] {processor.py:156} INFO - Started process (PID=74) to work on /opt/airflow/dags/penguins_pre_train.py
[2025-09-07T11:35:56.684+0000] {processor.py:799} INFO - Processing file /opt/airflow/dags/penguins_pre_train.py for tasks to queue
[2025-09-07T11:35:56.685+0000] {logging_mixin.py:149} INFO - [2025-09-07T11:35:56.684+0000] {dagbag.py:541} INFO - Filling up the DagBag from /opt/airflow/dags/penguins_pre_train.py
[2025-09-07T11:35:56.697+0000] {processor.py:809} INFO - DAG(s) dict_keys(['penguins_mysql_etl']) retrieved from /opt/airflow/dags/penguins_pre_train.py
[2025-09-07T11:35:56.740+0000] {logging_mixin.py:149} INFO - [2025-09-07T11:35:56.740+0000] {dag.py:2726} INFO - Sync 1 DAGs
[2025-09-07T11:35:56.774+0000] {logging_mixin.py:149} INFO - [2025-09-07T11:35:56.774+0000] {dag.py:3490} INFO - Setting next_dagrun for penguins_mysql_etl to None, run_after=None
[2025-09-07T11:35:56.799+0000] {processor.py:178} INFO - Processing /opt/airflow/dags/penguins_pre_train.py took 0.121 seconds
[2025-09-07T11:36:26.891+0000] {processor.py:156} INFO - Started process (PID=82) to work on /opt/airflow/dags/penguins_pre_train.py
[2025-09-07T11:36:26.893+0000] {processor.py:799} INFO - Processing file /opt/airflow/dags/penguins_pre_train.py for tasks to queue
[2025-09-07T11:36:26.894+0000] {logging_mixin.py:149} INFO - [2025-09-07T11:36:26.893+0000] {dagbag.py:541} INFO - Filling up the DagBag from /opt/airflow/dags/penguins_pre_train.py
[2025-09-07T11:36:26.906+0000] {processor.py:809} INFO - DAG(s) dict_keys(['penguins_mysql_etl']) retrieved from /opt/airflow/dags/penguins_pre_train.py
[2025-09-07T11:36:26.954+0000] {logging_mixin.py:149} INFO - [2025-09-07T11:36:26.954+0000] {dag.py:2726} INFO - Sync 1 DAGs
[2025-09-07T11:36:26.983+0000] {logging_mixin.py:149} INFO - [2025-09-07T11:36:26.983+0000] {dag.py:3490} INFO - Setting next_dagrun for penguins_mysql_etl to None, run_after=None
[2025-09-07T11:36:27.002+0000] {processor.py:178} INFO - Processing /opt/airflow/dags/penguins_pre_train.py took 0.117 seconds
